[2020-11-16T14:33:22.521] [INFO] app - 
[2020-11-16T14:33:22.604] [INFO] app - 9FAA7D8027D511EB8147F90F6A8639E6: durationMs = 83.256401 ms
[2020-11-16T14:33:22.605] [INFO] app - 
[2020-11-16T14:33:27.021] [INFO] app - 
[2020-11-16T14:33:27.048] [INFO] app - A25949D027D511EB8147F90F6A8639E6: durationMs = 27.0725 ms
[2020-11-16T14:33:27.049] [INFO] app - 
[2020-11-16T14:35:50.023] [INFO] app - 
[2020-11-16T14:35:50.258] [INFO] app - F795826027D511EBBC457B96C730FB95: durationMs = 235.4221 ms
[2020-11-16T14:35:50.259] [INFO] app - 
[2020-11-16T14:36:41.843] [INFO] app - 16789D2027D611EBBC457B96C730FB95 /dfd Request...
[2020-11-16T14:36:41.916] [INFO] app - 16789D2027D611EBBC457B96C730FB95: durationMs = 73.7523 ms
[2020-11-16T14:36:41.917] [INFO] app - 16789D2027D611EBBC457B96C730FB95 /dfd 200 Done...
[2020-11-16T14:37:31.377] [INFO] app - 33FF0E1027D611EBBC457B96C730FB95 /fdsa Request...
[2020-11-16T14:37:31.457] [INFO] app - 33FF0E1027D611EBBC457B96C730FB95: durationMs = 77.6754 ms
[2020-11-16T14:37:31.457] [INFO] app - 33FF0E1027D611EBBC457B96C730FB95 /fdsa 200 Done...
[2020-11-16T14:37:39.828] [INFO] app - 3908934027D611EBBC457B96C730FB95 /fdsa Request...
[2020-11-16T14:37:39.836] [INFO] app - 3908934027D611EBBC457B96C730FB95: durationMs = 7.981901 ms
[2020-11-16T14:37:39.837] [INFO] app - 3908934027D611EBBC457B96C730FB95 /fdsa 304 Done...
[2020-11-16T14:37:44.208] [INFO] app - 3BA4E90027D611EBBC457B96C730FB95 /fdsa Request...
[2020-11-16T14:37:44.213] [INFO] app - 3BA4E90027D611EBBC457B96C730FB95: durationMs = 4.7626 ms
[2020-11-16T14:37:44.214] [INFO] app - 3BA4E90027D611EBBC457B96C730FB95 /fdsa 304 Done...
